Using pre-set license
Built from '2020.3/staging' branch; Version is '2020.3.11f1 (99c7afb366b3) revision 10078127'; Using compiler version '192528614'; Build Type 'Release'
OS: 'Windows 10 Home; OS build 19044.1586; Version 2009; 64bit' Language: 'ko' Physical Memory: 7990 MB
BatchMode: 1, IsHumanControllingUs: 0, StartBugReporterOnCrash: 0, Is64bit: 1, IsPro: 0

 COMMAND LINE ARGUMENTS:
C:\Program Files\Unity\Hub\Editor\2020.3.11f1\Editor\Unity.exe
-adb2
-batchMode
-noUpm
-name
AssetImportWorker0
-projectPath
C:/Users/82104/Desktop/Play in/Flappy_Capy_Test/FlappyCloneBird
-logFile
Logs/AssetImportWorker0.log
-srvPort
61891
Successfully changed project path to: C:/Users/82104/Desktop/Play in/Flappy_Capy_Test/FlappyCloneBird
C:/Users/82104/Desktop/Play in/Flappy_Capy_Test/FlappyCloneBird
Using Asset Import Pipeline V2.
Refreshing native plugins compatible for Editor in 133.40 ms, found 3 plugins.
Preloading 0 native plugins for Editor in 0.00 ms.
Initialize engine version: 2020.3.11f1 (99c7afb366b3)
[Subsystems] Discovering subsystems at path C:/Program Files/Unity/Hub/Editor/2020.3.11f1/Editor/Data/Resources/UnitySubsystems
[Subsystems] Discovering subsystems at path C:/Users/82104/Desktop/Play in/Flappy_Capy_Test/FlappyCloneBird/Assets
GfxDevice: creating device client; threaded=0
Direct3D:
    Version:  Direct3D 11.0 [level 11.1]
    Renderer: NVIDIA GeForce MX250 (ID=0x1d52)
    Vendor:   
    VRAM:     1983 MB
    Driver:   27.21.14.6259
Initialize mono
Mono path[0] = 'C:/Program Files/Unity/Hub/Editor/2020.3.11f1/Editor/Data/Managed'
Mono path[1] = 'C:/Program Files/Unity/Hub/Editor/2020.3.11f1/Editor/Data/MonoBleedingEdge/lib/mono/unityjit'
Mono config path = 'C:/Program Files/Unity/Hub/Editor/2020.3.11f1/Editor/Data/MonoBleedingEdge/etc'
Using monoOptions --debugger-agent=transport=dt_socket,embedding=1,server=y,suspend=n,address=127.0.0.1:56024
Begin MonoManager ReloadAssembly
Registering precompiled unity dll's ...
Register platform support module: C:/Program Files/Unity/Hub/Editor/2020.3.11f1/Editor/Data/PlaybackEngines/WebGLSupport/UnityEditor.WebGL.Extensions.dll
Register platform support module: C:/Program Files/Unity/Hub/Editor/2020.3.11f1/Editor/Data/PlaybackEngines/WindowsStandaloneSupport/UnityEditor.WindowsStandalone.Extensions.dll
Register platform support module: C:/Program Files/Unity/Hub/Editor/2020.3.11f1/Editor/Data/PlaybackEngines/LuminSupport/UnityEditor.Lumin.Extensions.dll
Registered in 0.005228 seconds.
Native extension for Lumin target not found
Native extension for WindowsStandalone target not found
Native extension for WebGL target not found
Refreshing native plugins compatible for Editor in 75.69 ms, found 3 plugins.
Preloading 0 native plugins for Editor in 0.00 ms.
Mono: successfully reloaded assembly
- Completed reload, in  6.048 seconds
Platform modules already initialized, skipping
Registering precompiled user dll's ...
Registered in 0.018971 seconds.
Begin MonoManager ReloadAssembly
Native extension for Lumin target not found
Native extension for WindowsStandalone target not found
Native extension for WebGL target not found
Refreshing native plugins compatible for Editor in 126.41 ms, found 3 plugins.
Preloading 0 native plugins for Editor in 0.00 ms.
Mono: successfully reloaded assembly
- Completed reload, in  3.701 seconds
Platform modules already initialized, skipping
========================================================================
Worker process is ready to serve import requests
Launched and connected shader compiler UnityShaderCompiler.exe after 0.10 seconds
Refreshing native plugins compatible for Editor in 0.52 ms, found 3 plugins.
Preloading 0 native plugins for Editor in 0.00 ms.
Unloading 2090 Unused Serialized files (Serialized files now loaded: 0)
System memory in use before: 93.0 MB.
System memory in use after: 93.0 MB.

Unloading 33 unused Assets to reduce memory usage. Loaded Objects now: 2523.
Total: 6.636400 ms (FindLiveObjects: 0.565800 ms CreateObjectMapping: 0.270300 ms MarkObjects: 5.421500 ms  DeleteObjects: 0.376400 ms)

========================================================================
Received Prepare
Refreshing native plugins compatible for Editor in 7.73 ms, found 3 plugins.
Preloading 0 native plugins for Editor in 0.00 ms.
Unloading 19 Unused Serialized files (Serialized files now loaded: 0)
System memory in use before: 52.0 MB.
System memory in use after: 51.9 MB.

Unloading 19 unused Assets to reduce memory usage. Loaded Objects now: 2523.
Total: 4.217700 ms (FindLiveObjects: 0.305100 ms CreateObjectMapping: 0.105800 ms MarkObjects: 3.663400 ms  DeleteObjects: 0.142000 ms)

========================================================================
Received Import Request.
  path: Assets/Scenes/GameStartScene.unity
  artifactKey: Guid(47ce78e600d34b145802ea6868e7f415) Importer(815301076,1909f56bfc062723c751e8b465ee728b)
Start importing Assets/Scenes/GameStartScene.unity using Guid(47ce78e600d34b145802ea6868e7f415) Importer(815301076,1909f56bfc062723c751e8b465ee728b)  -> (artifact id: '2fbc70f778d9c699d99cd6eb6ba2419f') in 0.050202 seconds
  Import took 0.061539 seconds .

========================================================================
Received Import Request.
  Time since last request: 93.366715 seconds.
  path: Assets/Scenes/SampleScene.unity
  artifactKey: Guid(2cda990e2423bbf4892e6590ba056729) Importer(815301076,1909f56bfc062723c751e8b465ee728b)
Start importing Assets/Scenes/SampleScene.unity using Guid(2cda990e2423bbf4892e6590ba056729) Importer(815301076,1909f56bfc062723c751e8b465ee728b)  -> (artifact id: '8b2ba0cd27a2ffaedfbb608565d7f893') in 0.015982 seconds
  Import took 0.030096 seconds .

========================================================================
Received Import Request.
  Time since last request: 1.174563 seconds.
  path: Assets/Scenes/GameOverScene.unity
  artifactKey: Guid(6174f676760ce484fb91e5ce0ee07299) Importer(815301076,1909f56bfc062723c751e8b465ee728b)
Start importing Assets/Scenes/GameOverScene.unity using Guid(6174f676760ce484fb91e5ce0ee07299) Importer(815301076,1909f56bfc062723c751e8b465ee728b)  -> (artifact id: '6cdcf76decf72c8548cd2da22923d02a') in 0.008840 seconds
  Import took 0.017796 seconds .

========================================================================
Received Import Request.
  Time since last request: 0.003238 seconds.
  path: Assets/Scenes/GameOverScene.unity
  artifactKey: Guid(6174f676760ce484fb91e5ce0ee07299) Importer(815301076,1909f56bfc062723c751e8b465ee728b)
Start importing Assets/Scenes/GameOverScene.unity using Guid(6174f676760ce484fb91e5ce0ee07299) Importer(815301076,1909f56bfc062723c751e8b465ee728b)  -> (artifact id: '6cdcf76decf72c8548cd2da22923d02a') in 0.008208 seconds
  Import took 0.016820 seconds .

========================================================================
Received Import Request.
  Time since last request: 34.843692 seconds.
  path: Assets/Scenes/GameOverScene.unity
  artifactKey: Guid(6174f676760ce484fb91e5ce0ee07299) Importer(815301076,1909f56bfc062723c751e8b465ee728b)
Start importing Assets/Scenes/GameOverScene.unity using Guid(6174f676760ce484fb91e5ce0ee07299) Importer(815301076,1909f56bfc062723c751e8b465ee728b)  -> (artifact id: '3fa5008ab9fccfcfdb0def40e1acbd29') in 0.006065 seconds
  Import took 0.013406 seconds .

========================================================================
Received Prepare
Refreshing native plugins compatible for Editor in 16.80 ms, found 3 plugins.
Preloading 0 native plugins for Editor in 0.00 ms.
Unloading 19 Unused Serialized files (Serialized files now loaded: 0)
System memory in use before: 52.0 MB.
System memory in use after: 52.0 MB.

Unloading 19 unused Assets to reduce memory usage. Loaded Objects now: 2523.
Total: 10.015900 ms (FindLiveObjects: 0.613200 ms CreateObjectMapping: 0.293000 ms MarkObjects: 8.767100 ms  DeleteObjects: 0.339000 ms)

========================================================================
Received Prepare
Refreshing native plugins compatible for Editor in 16.61 ms, found 3 plugins.
Preloading 0 native plugins for Editor in 0.00 ms.
Unloading 19 Unused Serialized files (Serialized files now loaded: 0)
System memory in use before: 52.0 MB.
System memory in use after: 52.0 MB.

Unloading 19 unused Assets to reduce memory usage. Loaded Objects now: 2523.
Total: 8.090000 ms (FindLiveObjects: 0.349500 ms CreateObjectMapping: 0.197400 ms MarkObjects: 7.322900 ms  DeleteObjects: 0.218000 ms)

AssetImportWorkerClient::OnTransportError - code=2 error=End of file
